<?xml version="1.0" encoding="UTF-8"?>
<!-- Generated by org.testng.reporters.JUnitXMLReporter -->
<testsuite hostname="Sahil-PC" ignored="0" name="Default test" tests="3" failures="0" timestamp="01 Feb 2018 09:37:31 GMT" time="0.108" errors="0">
  <testcase name="actualtest" time="0.042" classname="sampleselenium.NewSample"/>
  <testcase name="actualtest" time="0.003" classname="sampleselenium.NewSample"/>
  <testcase name="actualtest" time="0.003" classname="sampleselenium.NewSample"/>
</testsuite> <!-- Default test -->
