<?xml version="1.0" encoding="UTF-8"?>
<!-- Generated by org.testng.reporters.JUnitXMLReporter -->
<testsuite hostname="Sahil-PC" ignored="3" name="windows" tests="2" failures="0" timestamp="01 Feb 2018 07:01:27 GMT" time="0.07" errors="0">
  <testcase name="actualtest" time="0.02" classname="sampleselenium.NewSample"/>
  <testcase name="actualtest2" time="0.003" classname="sampleselenium.NewSample"/>
  <testcase name="actualtest1" time="0.0" classname="sampleselenium.NewSample">
    <ignored/>
  </testcase> <!-- actualtest1 -->
  <testcase name="actualtest4" time="0.0" classname="sampleselenium.NewSample">
    <ignored/>
  </testcase> <!-- actualtest4 -->
  <testcase name="actualtest3" time="0.0" classname="sampleselenium.NewSample">
    <ignored/>
  </testcase> <!-- actualtest3 -->
</testsuite> <!-- windows -->
