<?xml version="1.0" encoding="UTF-8"?>
<testng-results skipped="0" failed="0" ignored="0" total="3" passed="3">
  <reporter-output>
  </reporter-output>
  <suite name="Default suite" duration-ms="108" started-at="2018-02-01T09:37:31Z" finished-at="2018-02-01T09:37:31Z">
    <groups>
    </groups>
    <test name="Default test" duration-ms="108" started-at="2018-02-01T09:37:31Z" finished-at="2018-02-01T09:37:31Z">
      <class name="sampleselenium.NewSample">
        <test-method status="PASS" signature="actualtest(java.lang.String, java.lang.String)[pri:0, instance:sampleselenium.NewSample@28d25987]" name="actualtest" duration-ms="42" started-at="2018-02-01T15:07:31Z" data-provider="sampleprovider" finished-at="2018-02-01T15:07:31Z">
          <params>
            <param index="0">
              <value>
                <![CDATA[Guru99]]>
              </value>
            </param>
            <param index="1">
              <value>
                <![CDATA[India]]>
              </value>
            </param>
          </params>
          <reporter-output>
          </reporter-output>
        </test-method> <!-- actualtest -->
        <test-method status="PASS" signature="actualtest(java.lang.String, java.lang.String)[pri:0, instance:sampleselenium.NewSample@28d25987]" name="actualtest" duration-ms="3" started-at="2018-02-01T15:07:31Z" data-provider="sampleprovider" finished-at="2018-02-01T15:07:31Z">
          <params>
            <param index="0">
              <value>
                <![CDATA[Krishna]]>
              </value>
            </param>
            <param index="1">
              <value>
                <![CDATA[UK]]>
              </value>
            </param>
          </params>
          <reporter-output>
          </reporter-output>
        </test-method> <!-- actualtest -->
        <test-method status="PASS" signature="actualtest(java.lang.String, java.lang.String)[pri:0, instance:sampleselenium.NewSample@28d25987]" name="actualtest" duration-ms="3" started-at="2018-02-01T15:07:31Z" data-provider="sampleprovider" finished-at="2018-02-01T15:07:31Z">
          <params>
            <param index="0">
              <value>
                <![CDATA[Bhupesh]]>
              </value>
            </param>
            <param index="1">
              <value>
                <![CDATA[USA]]>
              </value>
            </param>
          </params>
          <reporter-output>
          </reporter-output>
        </test-method> <!-- actualtest -->
      </class> <!-- sampleselenium.NewSample -->
    </test> <!-- Default test -->
  </suite> <!-- Default suite -->
</testng-results>
